2023-01-16 12:13:54 INFO::Writing function arguments to log file
2023-01-16 12:13:54 DEBUG::Function arguments
2023-01-16 12:13:54 DEBUG::Output folder: dbcan_clrlm
2023-01-16 12:13:54 DEBUG::Min Abundance: 0.000000
2023-01-16 12:13:54 DEBUG::Min Prevalence: 0.000000
2023-01-16 12:13:54 DEBUG::Normalization: CLR
2023-01-16 12:13:54 DEBUG::Transform: NONE
2023-01-16 12:13:54 DEBUG::Analysis method: LM
2023-01-16 12:13:54 DEBUG::Max significance: 0.250000
2023-01-16 12:13:54 DEBUG::Random effects:
2023-01-16 12:13:54 DEBUG::Fixed effects: group
2023-01-16 12:13:54 DEBUG::Correction method: BH
2023-01-16 12:13:54 DEBUG::Standardize: TRUE
2023-01-16 12:13:54 DEBUG::Cores: 1
2023-01-16 12:13:54 INFO::Verifying options selected are valid
2023-01-16 12:13:54 INFO::Determining format of input files
2023-01-16 12:13:54 INFO::Input format is data samples as rows and metadata samples as rows
2023-01-16 12:13:54 DEBUG::A total of 21 samples were found in both the data and metadata
2023-01-16 12:13:54 DEBUG::Reordering data/metadata to use same sample ordering
2023-01-16 12:13:54 INFO::Formula for fixed effects: expr ~  group
2023-01-16 12:13:54 INFO::Filter data based on min abundance and min prevalence
2023-01-16 12:13:54 INFO::Total samples in data: 21
2023-01-16 12:13:54 INFO::Min samples required with min abundance for a feature not to be filtered: 0.000000
2023-01-16 12:13:54 INFO::Total filtered features: 0
2023-01-16 12:13:54 INFO::Filtered feature names from abundance and prevalence filtering:
2023-01-16 12:13:54 INFO::Total filtered features with variance filtering: 0
2023-01-16 12:13:54 INFO::Filtered feature names from variance filtering:
2023-01-16 12:13:54 INFO::Running selected normalization method: CLR
2023-01-16 12:13:54 INFO::Applying z-score to standardize continuous metadata
2023-01-16 12:13:54 INFO::Running selected transform method: NONE
2023-01-16 12:13:54 INFO::Running selected analysis method: LM
2023-01-16 12:13:54 INFO::Fitting model to feature number 1, AA1_1.hmm
2023-01-16 12:13:54 INFO::Fitting model to feature number 2, AA1_2.hmm
2023-01-16 12:13:54 INFO::Fitting model to feature number 3, AA1_3.hmm
2023-01-16 12:13:54 INFO::Fitting model to feature number 4, AA1.hmm
2023-01-16 12:13:54 INFO::Fitting model to feature number 5, AA10.hmm
2023-01-16 12:13:54 INFO::Fitting model to feature number 6, AA11.hmm
2023-01-16 12:13:54 INFO::Fitting model to feature number 7, AA12.hmm
2023-01-16 12:13:54 INFO::Fitting model to feature number 8, AA2.hmm
2023-01-16 12:13:54 INFO::Fitting model to feature number 9, AA3_1.hmm
2023-01-16 12:13:54 INFO::Fitting model to feature number 10, AA3_2.hmm
2023-01-16 12:13:54 INFO::Fitting model to feature number 11, AA3_3.hmm
2023-01-16 12:13:54 INFO::Fitting model to feature number 12, AA3_4.hmm
2023-01-16 12:13:54 INFO::Fitting model to feature number 13, AA3.hmm
2023-01-16 12:13:54 INFO::Fitting model to feature number 14, AA4.hmm
2023-01-16 12:13:54 INFO::Fitting model to feature number 15, AA5_1.hmm
2023-01-16 12:13:54 INFO::Fitting model to feature number 16, AA5_2.hmm
2023-01-16 12:13:54 INFO::Fitting model to feature number 17, AA5.hmm
2023-01-16 12:13:54 INFO::Fitting model to feature number 18, AA6.hmm
2023-01-16 12:13:54 INFO::Fitting model to feature number 19, AA7.hmm
2023-01-16 12:13:54 INFO::Fitting model to feature number 20, AA8.hmm
2023-01-16 12:13:54 INFO::Fitting model to feature number 21, AA9.hmm
2023-01-16 12:13:54 INFO::Fitting model to feature number 22, CBM1.hmm
2023-01-16 12:13:54 INFO::Fitting model to feature number 23, CBM11.hmm
2023-01-16 12:13:54 INFO::Fitting model to feature number 24, CBM12.hmm
2023-01-16 12:13:54 INFO::Fitting model to feature number 25, CBM13.hmm
2023-01-16 12:13:54 INFO::Fitting model to feature number 26, CBM14.hmm
2023-01-16 12:13:55 INFO::Fitting model to feature number 27, CBM16.hmm
2023-01-16 12:13:55 INFO::Fitting model to feature number 28, CBM18.hmm
2023-01-16 12:13:55 INFO::Fitting model to feature number 29, CBM2.hmm
2023-01-16 12:13:55 INFO::Fitting model to feature number 30, CBM20.hmm
2023-01-16 12:13:55 INFO::Fitting model to feature number 31, CBM21.hmm
2023-01-16 12:13:55 INFO::Fitting model to feature number 32, CBM22.hmm
2023-01-16 12:13:55 INFO::Fitting model to feature number 33, CBM23.hmm
2023-01-16 12:13:55 INFO::Fitting model to feature number 34, CBM25.hmm
2023-01-16 12:13:55 INFO::Fitting model to feature number 35, CBM3.hmm
2023-01-16 12:13:55 INFO::Fitting model to feature number 36, CBM30.hmm
2023-01-16 12:13:55 INFO::Fitting model to feature number 37, CBM32.hmm
2023-01-16 12:13:55 INFO::Fitting model to feature number 38, CBM34.hmm
2023-01-16 12:13:55 INFO::Fitting model to feature number 39, CBM35.hmm
2023-01-16 12:13:55 INFO::Fitting model to feature number 40, CBM37.hmm
2023-01-16 12:13:55 INFO::Fitting model to feature number 41, CBM38.hmm
2023-01-16 12:13:55 INFO::Fitting model to feature number 42, CBM4.hmm
2023-01-16 12:13:55 INFO::Fitting model to feature number 43, CBM40.hmm
2023-01-16 12:13:55 INFO::Fitting model to feature number 44, CBM41.hmm
2023-01-16 12:13:55 INFO::Fitting model to feature number 45, CBM42.hmm
2023-01-16 12:13:55 INFO::Fitting model to feature number 46, CBM44.hmm
2023-01-16 12:13:55 INFO::Fitting model to feature number 47, CBM46.hmm
2023-01-16 12:13:55 INFO::Fitting model to feature number 48, CBM47.hmm
2023-01-16 12:13:55 INFO::Fitting model to feature number 49, CBM48.hmm
2023-01-16 12:13:55 INFO::Fitting model to feature number 50, CBM5.hmm
2023-01-16 12:13:55 INFO::Fitting model to feature number 51, CBM50.hmm
2023-01-16 12:13:55 INFO::Fitting model to feature number 52, CBM51.hmm
2023-01-16 12:13:55 INFO::Fitting model to feature number 53, CBM54.hmm
2023-01-16 12:13:55 INFO::Fitting model to feature number 54, CBM56.hmm
2023-01-16 12:13:55 INFO::Fitting model to feature number 55, CBM57.hmm
2023-01-16 12:13:55 INFO::Fitting model to feature number 56, CBM59.hmm
2023-01-16 12:13:55 INFO::Fitting model to feature number 57, CBM6.hmm
2023-01-16 12:13:55 INFO::Fitting model to feature number 58, CBM60.hmm
2023-01-16 12:13:55 INFO::Fitting model to feature number 59, CBM61.hmm
2023-01-16 12:13:55 INFO::Fitting model to feature number 60, CBM62.hmm
2023-01-16 12:13:55 INFO::Fitting model to feature number 61, CBM63.hmm
2023-01-16 12:13:55 INFO::Fitting model to feature number 62, CBM66.hmm
2023-01-16 12:13:55 INFO::Fitting model to feature number 63, CBM67.hmm
2023-01-16 12:13:55 INFO::Fitting model to feature number 64, CBM69.hmm
2023-01-16 12:13:55 INFO::Fitting model to feature number 65, CBM70.hmm
2023-01-16 12:13:55 INFO::Fitting model to feature number 66, CBM73.hmm
2023-01-16 12:13:55 INFO::Fitting model to feature number 67, CBM8.hmm
2023-01-16 12:13:55 INFO::Fitting model to feature number 68, CBM9.hmm
2023-01-16 12:13:55 INFO::Fitting model to feature number 69, CE1.hmm
2023-01-16 12:13:55 INFO::Fitting model to feature number 70, CE10.hmm
2023-01-16 12:13:55 INFO::Fitting model to feature number 71, CE11.hmm
2023-01-16 12:13:55 INFO::Fitting model to feature number 72, CE12.hmm
2023-01-16 12:13:55 INFO::Fitting model to feature number 73, CE13.hmm
2023-01-16 12:13:55 INFO::Fitting model to feature number 74, CE14.hmm
2023-01-16 12:13:55 INFO::Fitting model to feature number 75, CE15.hmm
2023-01-16 12:13:55 INFO::Fitting model to feature number 76, CE16.hmm
2023-01-16 12:13:55 INFO::Fitting model to feature number 77, CE2.hmm
2023-01-16 12:13:55 INFO::Fitting model to feature number 78, CE3.hmm
2023-01-16 12:13:55 INFO::Fitting model to feature number 79, CE4.hmm
2023-01-16 12:13:55 INFO::Fitting model to feature number 80, CE5.hmm
2023-01-16 12:13:55 INFO::Fitting model to feature number 81, CE6.hmm
2023-01-16 12:13:55 INFO::Fitting model to feature number 82, CE7.hmm
2023-01-16 12:13:55 INFO::Fitting model to feature number 83, CE8.hmm
2023-01-16 12:13:55 INFO::Fitting model to feature number 84, CE9.hmm
2023-01-16 12:13:55 INFO::Fitting model to feature number 85, cohesin.hmm
2023-01-16 12:13:55 INFO::Fitting model to feature number 86, dockerin.hmm
2023-01-16 12:13:55 INFO::Fitting model to feature number 87, GH1.hmm
2023-01-16 12:13:55 INFO::Fitting model to feature number 88, GH10.hmm
2023-01-16 12:13:55 INFO::Fitting model to feature number 89, GH100.hmm
2023-01-16 12:13:55 INFO::Fitting model to feature number 90, GH101.hmm
2023-01-16 12:13:55 INFO::Fitting model to feature number 91, GH102.hmm
2023-01-16 12:13:55 INFO::Fitting model to feature number 92, GH103.hmm
2023-01-16 12:13:55 INFO::Fitting model to feature number 93, GH104.hmm
2023-01-16 12:13:55 INFO::Fitting model to feature number 94, GH105.hmm
2023-01-16 12:13:55 INFO::Fitting model to feature number 95, GH106.hmm
2023-01-16 12:13:55 INFO::Fitting model to feature number 96, GH107.hmm
2023-01-16 12:13:55 INFO::Fitting model to feature number 97, GH108.hmm
2023-01-16 12:13:55 INFO::Fitting model to feature number 98, GH109.hmm
2023-01-16 12:13:55 INFO::Fitting model to feature number 99, GH11.hmm
2023-01-16 12:13:55 INFO::Fitting model to feature number 100, GH110.hmm
2023-01-16 12:13:55 INFO::Fitting model to feature number 101, GH111.hmm
2023-01-16 12:13:55 INFO::Fitting model to feature number 102, GH113.hmm
2023-01-16 12:13:55 INFO::Fitting model to feature number 103, GH114.hmm
2023-01-16 12:13:55 INFO::Fitting model to feature number 104, GH115.hmm
2023-01-16 12:13:55 INFO::Fitting model to feature number 105, GH116.hmm
2023-01-16 12:13:55 INFO::Fitting model to feature number 106, GH117.hmm
2023-01-16 12:13:55 INFO::Fitting model to feature number 107, GH119.hmm
2023-01-16 12:13:55 INFO::Fitting model to feature number 108, GH12.hmm
2023-01-16 12:13:55 INFO::Fitting model to feature number 109, GH120.hmm
2023-01-16 12:13:55 INFO::Fitting model to feature number 110, GH121.hmm
2023-01-16 12:13:55 INFO::Fitting model to feature number 111, GH123.hmm
2023-01-16 12:13:55 INFO::Fitting model to feature number 112, GH125.hmm
2023-01-16 12:13:55 INFO::Fitting model to feature number 113, GH127.hmm
2023-01-16 12:13:55 INFO::Fitting model to feature number 114, GH128.hmm
2023-01-16 12:13:55 INFO::Fitting model to feature number 115, GH129.hmm
2023-01-16 12:13:55 INFO::Fitting model to feature number 116, GH13_1.hmm
2023-01-16 12:13:55 INFO::Fitting model to feature number 117, GH13_10.hmm
2023-01-16 12:13:55 INFO::Fitting model to feature number 118, GH13_11.hmm
2023-01-16 12:13:55 INFO::Fitting model to feature number 119, GH13_13.hmm
2023-01-16 12:13:55 INFO::Fitting model to feature number 120, GH13_14.hmm
2023-01-16 12:13:55 INFO::Fitting model to feature number 121, GH13_15.hmm
2023-01-16 12:13:55 INFO::Fitting model to feature number 122, GH13_16.hmm
2023-01-16 12:13:55 INFO::Fitting model to feature number 123, GH13_17.hmm
2023-01-16 12:13:55 INFO::Fitting model to feature number 124, GH13_18.hmm
2023-01-16 12:13:55 INFO::Fitting model to feature number 125, GH13_19.hmm
2023-01-16 12:13:55 INFO::Fitting model to feature number 126, GH13_2.hmm
2023-01-16 12:13:55 INFO::Fitting model to feature number 127, GH13_20.hmm
2023-01-16 12:13:55 INFO::Fitting model to feature number 128, GH13_21.hmm
2023-01-16 12:13:55 INFO::Fitting model to feature number 129, GH13_22.hmm
2023-01-16 12:13:56 INFO::Fitting model to feature number 130, GH13_23.hmm
2023-01-16 12:13:56 INFO::Fitting model to feature number 131, GH13_24.hmm
2023-01-16 12:13:56 INFO::Fitting model to feature number 132, GH13_25.hmm
2023-01-16 12:13:56 INFO::Fitting model to feature number 133, GH13_26.hmm
2023-01-16 12:13:56 INFO::Fitting model to feature number 134, GH13_3.hmm
2023-01-16 12:13:56 INFO::Fitting model to feature number 135, GH13_30.hmm
2023-01-16 12:13:56 INFO::Fitting model to feature number 136, GH13_31.hmm
2023-01-16 12:13:56 INFO::Fitting model to feature number 137, GH13_32.hmm
2023-01-16 12:13:56 INFO::Fitting model to feature number 138, GH13_33.hmm
2023-01-16 12:13:56 INFO::Fitting model to feature number 139, GH13_36.hmm
2023-01-16 12:13:56 INFO::Fitting model to feature number 140, GH13_38.hmm
2023-01-16 12:13:56 INFO::Fitting model to feature number 141, GH13_39.hmm
2023-01-16 12:13:56 INFO::Fitting model to feature number 142, GH13_4.hmm
2023-01-16 12:13:56 INFO::Fitting model to feature number 143, GH13_40.hmm
2023-01-16 12:13:56 INFO::Fitting model to feature number 144, GH13_42.hmm
2023-01-16 12:13:56 INFO::Fitting model to feature number 145, GH13_5.hmm
2023-01-16 12:13:56 INFO::Fitting model to feature number 146, GH13_6.hmm
2023-01-16 12:13:56 INFO::Fitting model to feature number 147, GH13_7.hmm
2023-01-16 12:13:56 INFO::Fitting model to feature number 148, GH13_8.hmm
2023-01-16 12:13:56 INFO::Fitting model to feature number 149, GH13_9.hmm
2023-01-16 12:13:56 INFO::Fitting model to feature number 150, GH13.hmm
2023-01-16 12:13:56 INFO::Fitting model to feature number 151, GH130.hmm
2023-01-16 12:13:56 INFO::Fitting model to feature number 152, GH132.hmm
2023-01-16 12:13:56 INFO::Fitting model to feature number 153, GH133.hmm
2023-01-16 12:13:56 INFO::Fitting model to feature number 154, GH134.hmm
2023-01-16 12:13:56 INFO::Fitting model to feature number 155, GH135.hmm
2023-01-16 12:13:56 INFO::Fitting model to feature number 156, GH136.hmm
2023-01-16 12:13:56 INFO::Fitting model to feature number 157, GH137.hmm
2023-01-16 12:13:56 INFO::Fitting model to feature number 158, GH138.hmm
2023-01-16 12:13:56 INFO::Fitting model to feature number 159, GH139.hmm
2023-01-16 12:13:56 INFO::Fitting model to feature number 160, GH140.hmm
2023-01-16 12:13:56 INFO::Fitting model to feature number 161, GH141.hmm
2023-01-16 12:13:56 INFO::Fitting model to feature number 162, GH142.hmm
2023-01-16 12:13:56 INFO::Fitting model to feature number 163, GH143.hmm
2023-01-16 12:13:56 INFO::Fitting model to feature number 164, GH144.hmm
2023-01-16 12:13:56 INFO::Fitting model to feature number 165, GH145.hmm
2023-01-16 12:13:56 INFO::Fitting model to feature number 166, GH15.hmm
2023-01-16 12:13:56 INFO::Fitting model to feature number 167, GH16.hmm
2023-01-16 12:13:56 INFO::Fitting model to feature number 168, GH17.hmm
2023-01-16 12:13:56 INFO::Fitting model to feature number 169, GH18.hmm
2023-01-16 12:13:56 INFO::Fitting model to feature number 170, GH19.hmm
2023-01-16 12:13:56 INFO::Fitting model to feature number 171, GH2.hmm
2023-01-16 12:13:56 INFO::Fitting model to feature number 172, GH20.hmm
2023-01-16 12:13:56 INFO::Fitting model to feature number 173, GH22.hmm
2023-01-16 12:13:56 INFO::Fitting model to feature number 174, GH23.hmm
2023-01-16 12:13:56 INFO::Fitting model to feature number 175, GH24.hmm
2023-01-16 12:13:56 INFO::Fitting model to feature number 176, GH25.hmm
2023-01-16 12:13:56 INFO::Fitting model to feature number 177, GH26.hmm
2023-01-16 12:13:56 INFO::Fitting model to feature number 178, GH27.hmm
2023-01-16 12:13:56 INFO::Fitting model to feature number 179, GH28.hmm
2023-01-16 12:13:56 INFO::Fitting model to feature number 180, GH29.hmm
2023-01-16 12:13:56 INFO::Fitting model to feature number 181, GH3.hmm
2023-01-16 12:13:56 INFO::Fitting model to feature number 182, GH30_1.hmm
2023-01-16 12:13:56 INFO::Fitting model to feature number 183, GH30_2.hmm
2023-01-16 12:13:56 INFO::Fitting model to feature number 184, GH30_3.hmm
2023-01-16 12:13:56 INFO::Fitting model to feature number 185, GH30_4.hmm
2023-01-16 12:13:56 INFO::Fitting model to feature number 186, GH30_5.hmm
2023-01-16 12:13:56 INFO::Fitting model to feature number 187, GH30_7.hmm
2023-01-16 12:13:56 INFO::Fitting model to feature number 188, GH30_8.hmm
2023-01-16 12:13:56 INFO::Fitting model to feature number 189, GH30.hmm
2023-01-16 12:13:56 INFO::Fitting model to feature number 190, GH31.hmm
2023-01-16 12:13:56 INFO::Fitting model to feature number 191, GH32.hmm
2023-01-16 12:13:56 INFO::Fitting model to feature number 192, GH33.hmm
2023-01-16 12:13:56 INFO::Fitting model to feature number 193, GH35.hmm
2023-01-16 12:13:56 INFO::Fitting model to feature number 194, GH36.hmm
2023-01-16 12:13:56 INFO::Fitting model to feature number 195, GH37.hmm
2023-01-16 12:13:56 INFO::Fitting model to feature number 196, GH38.hmm
2023-01-16 12:13:56 INFO::Fitting model to feature number 197, GH39.hmm
2023-01-16 12:13:56 INFO::Fitting model to feature number 198, GH4.hmm
2023-01-16 12:13:56 INFO::Fitting model to feature number 199, GH42.hmm
2023-01-16 12:13:56 INFO::Fitting model to feature number 200, GH43_1.hmm
2023-01-16 12:13:56 INFO::Fitting model to feature number 201, GH43_10.hmm
2023-01-16 12:13:56 INFO::Fitting model to feature number 202, GH43_11.hmm
2023-01-16 12:13:56 INFO::Fitting model to feature number 203, GH43_12.hmm
2023-01-16 12:13:56 INFO::Fitting model to feature number 204, GH43_13.hmm
2023-01-16 12:13:56 INFO::Fitting model to feature number 205, GH43_14.hmm
2023-01-16 12:13:56 INFO::Fitting model to feature number 206, GH43_15.hmm
2023-01-16 12:13:56 INFO::Fitting model to feature number 207, GH43_17.hmm
2023-01-16 12:13:56 INFO::Fitting model to feature number 208, GH43_18.hmm
2023-01-16 12:13:56 INFO::Fitting model to feature number 209, GH43_19.hmm
2023-01-16 12:13:56 INFO::Fitting model to feature number 210, GH43_2.hmm
2023-01-16 12:13:56 INFO::Fitting model to feature number 211, GH43_20.hmm
2023-01-16 12:13:56 INFO::Fitting model to feature number 212, GH43_21.hmm
2023-01-16 12:13:56 INFO::Fitting model to feature number 213, GH43_22.hmm
2023-01-16 12:13:56 INFO::Fitting model to feature number 214, GH43_23.hmm
2023-01-16 12:13:56 INFO::Fitting model to feature number 215, GH43_24.hmm
2023-01-16 12:13:56 INFO::Fitting model to feature number 216, GH43_26.hmm
2023-01-16 12:13:56 INFO::Fitting model to feature number 217, GH43_27.hmm
2023-01-16 12:13:56 INFO::Fitting model to feature number 218, GH43_28.hmm
2023-01-16 12:13:56 INFO::Fitting model to feature number 219, GH43_29.hmm
2023-01-16 12:13:56 INFO::Fitting model to feature number 220, GH43_3.hmm
2023-01-16 12:13:56 INFO::Fitting model to feature number 221, GH43_30.hmm
2023-01-16 12:13:57 INFO::Fitting model to feature number 222, GH43_31.hmm
2023-01-16 12:13:57 INFO::Fitting model to feature number 223, GH43_32.hmm
2023-01-16 12:13:57 INFO::Fitting model to feature number 224, GH43_33.hmm
2023-01-16 12:13:57 INFO::Fitting model to feature number 225, GH43_34.hmm
2023-01-16 12:13:57 INFO::Fitting model to feature number 226, GH43_36.hmm
2023-01-16 12:13:57 INFO::Fitting model to feature number 227, GH43_37.hmm
2023-01-16 12:13:57 INFO::Fitting model to feature number 228, GH43_4.hmm
2023-01-16 12:13:57 INFO::Fitting model to feature number 229, GH43_5.hmm
2023-01-16 12:13:57 INFO::Fitting model to feature number 230, GH43_6.hmm
2023-01-16 12:13:57 INFO::Fitting model to feature number 231, GH43_7.hmm
2023-01-16 12:13:57 INFO::Fitting model to feature number 232, GH43_8.hmm
2023-01-16 12:13:57 INFO::Fitting model to feature number 233, GH43_9.hmm
2023-01-16 12:13:57 INFO::Fitting model to feature number 234, GH43.hmm
2023-01-16 12:13:57 INFO::Fitting model to feature number 235, GH44.hmm
2023-01-16 12:13:57 INFO::Fitting model to feature number 236, GH45.hmm
2023-01-16 12:13:58 INFO::Fitting model to feature number 237, GH46.hmm
2023-01-16 12:13:58 INFO::Fitting model to feature number 238, GH47.hmm
2023-01-16 12:13:58 INFO::Fitting model to feature number 239, GH48.hmm
2023-01-16 12:13:58 INFO::Fitting model to feature number 240, GH49.hmm
2023-01-16 12:13:58 INFO::Fitting model to feature number 241, GH5_1.hmm
2023-01-16 12:13:58 INFO::Fitting model to feature number 242, GH5_10.hmm
2023-01-16 12:13:58 INFO::Fitting model to feature number 243, GH5_12.hmm
2023-01-16 12:13:58 INFO::Fitting model to feature number 244, GH5_13.hmm
2023-01-16 12:13:58 INFO::Fitting model to feature number 245, GH5_18.hmm
2023-01-16 12:13:58 INFO::Fitting model to feature number 246, GH5_19.hmm
2023-01-16 12:13:58 INFO::Fitting model to feature number 247, GH5_2.hmm
2023-01-16 12:13:58 INFO::Fitting model to feature number 248, GH5_22.hmm
2023-01-16 12:13:58 INFO::Fitting model to feature number 249, GH5_24.hmm
2023-01-16 12:13:58 INFO::Fitting model to feature number 250, GH5_25.hmm
2023-01-16 12:13:58 INFO::Fitting model to feature number 251, GH5_26.hmm
2023-01-16 12:13:58 INFO::Fitting model to feature number 252, GH5_27.hmm
2023-01-16 12:13:58 INFO::Fitting model to feature number 253, GH5_28.hmm
2023-01-16 12:13:58 INFO::Fitting model to feature number 254, GH5_29.hmm
2023-01-16 12:13:58 INFO::Fitting model to feature number 255, GH5_34.hmm
2023-01-16 12:13:58 INFO::Fitting model to feature number 256, GH5_35.hmm
2023-01-16 12:13:58 INFO::Fitting model to feature number 257, GH5_36.hmm
2023-01-16 12:13:58 INFO::Fitting model to feature number 258, GH5_38.hmm
2023-01-16 12:13:58 INFO::Fitting model to feature number 259, GH5_39.hmm
2023-01-16 12:13:58 INFO::Fitting model to feature number 260, GH5_4.hmm
2023-01-16 12:13:58 INFO::Fitting model to feature number 261, GH5_40.hmm
2023-01-16 12:13:58 INFO::Fitting model to feature number 262, GH5_41.hmm
2023-01-16 12:13:58 INFO::Fitting model to feature number 263, GH5_42.hmm
2023-01-16 12:13:58 INFO::Fitting model to feature number 264, GH5_43.hmm
2023-01-16 12:13:58 INFO::Fitting model to feature number 265, GH5_44.hmm
2023-01-16 12:13:58 INFO::Fitting model to feature number 266, GH5_46.hmm
2023-01-16 12:13:58 INFO::Fitting model to feature number 267, GH5_48.hmm
2023-01-16 12:13:58 INFO::Fitting model to feature number 268, GH5_5.hmm
2023-01-16 12:13:58 INFO::Fitting model to feature number 269, GH5_51.hmm
2023-01-16 12:13:58 INFO::Fitting model to feature number 270, GH5_7.hmm
2023-01-16 12:13:58 INFO::Fitting model to feature number 271, GH5_8.hmm
2023-01-16 12:13:58 INFO::Fitting model to feature number 272, GH5_9.hmm
2023-01-16 12:13:58 INFO::Fitting model to feature number 273, GH5.hmm
2023-01-16 12:13:58 INFO::Fitting model to feature number 274, GH50.hmm
2023-01-16 12:13:58 INFO::Fitting model to feature number 275, GH51.hmm
2023-01-16 12:13:58 INFO::Fitting model to feature number 276, GH52.hmm
2023-01-16 12:13:58 INFO::Fitting model to feature number 277, GH53.hmm
2023-01-16 12:13:58 INFO::Fitting model to feature number 278, GH54.hmm
2023-01-16 12:13:58 INFO::Fitting model to feature number 279, GH55.hmm
2023-01-16 12:13:58 INFO::Fitting model to feature number 280, GH57.hmm
2023-01-16 12:13:58 INFO::Fitting model to feature number 281, GH59.hmm
2023-01-16 12:13:58 INFO::Fitting model to feature number 282, GH6.hmm
2023-01-16 12:13:58 INFO::Fitting model to feature number 283, GH62.hmm
2023-01-16 12:13:58 INFO::Fitting model to feature number 284, GH63.hmm
2023-01-16 12:13:58 INFO::Fitting model to feature number 285, GH64.hmm
2023-01-16 12:13:58 INFO::Fitting model to feature number 286, GH65.hmm
2023-01-16 12:13:58 INFO::Fitting model to feature number 287, GH66.hmm
2023-01-16 12:13:58 INFO::Fitting model to feature number 288, GH67.hmm
2023-01-16 12:13:58 INFO::Fitting model to feature number 289, GH68.hmm
2023-01-16 12:13:58 INFO::Fitting model to feature number 290, GH7.hmm
2023-01-16 12:13:58 INFO::Fitting model to feature number 291, GH71.hmm
2023-01-16 12:13:58 INFO::Fitting model to feature number 292, GH72.hmm
2023-01-16 12:13:58 INFO::Fitting model to feature number 293, GH73.hmm
2023-01-16 12:13:58 INFO::Fitting model to feature number 294, GH74.hmm
2023-01-16 12:13:58 INFO::Fitting model to feature number 295, GH75.hmm
2023-01-16 12:13:58 INFO::Fitting model to feature number 296, GH76.hmm
2023-01-16 12:13:58 INFO::Fitting model to feature number 297, GH77.hmm
2023-01-16 12:13:58 INFO::Fitting model to feature number 298, GH78.hmm
2023-01-16 12:13:58 INFO::Fitting model to feature number 299, GH79.hmm
2023-01-16 12:13:58 INFO::Fitting model to feature number 300, GH8.hmm
2023-01-16 12:13:58 INFO::Fitting model to feature number 301, GH81.hmm
2023-01-16 12:13:58 INFO::Fitting model to feature number 302, GH82.hmm
2023-01-16 12:13:58 INFO::Fitting model to feature number 303, GH84.hmm
2023-01-16 12:13:58 INFO::Fitting model to feature number 304, GH85.hmm
2023-01-16 12:13:58 INFO::Fitting model to feature number 305, GH87.hmm
2023-01-16 12:13:58 INFO::Fitting model to feature number 306, GH88.hmm
2023-01-16 12:13:58 INFO::Fitting model to feature number 307, GH89.hmm
2023-01-16 12:13:58 INFO::Fitting model to feature number 308, GH9.hmm
2023-01-16 12:13:58 INFO::Fitting model to feature number 309, GH91.hmm
2023-01-16 12:13:58 INFO::Fitting model to feature number 310, GH92.hmm
2023-01-16 12:13:58 INFO::Fitting model to feature number 311, GH93.hmm
2023-01-16 12:13:58 INFO::Fitting model to feature number 312, GH94.hmm
2023-01-16 12:13:58 INFO::Fitting model to feature number 313, GH95.hmm
2023-01-16 12:13:58 INFO::Fitting model to feature number 314, GH97.hmm
2023-01-16 12:13:58 INFO::Fitting model to feature number 315, GH98.hmm
2023-01-16 12:13:58 INFO::Fitting model to feature number 316, GH99.hmm
2023-01-16 12:13:58 INFO::Fitting model to feature number 317, GT1.hmm
2023-01-16 12:13:58 INFO::Fitting model to feature number 318, GT10.hmm
2023-01-16 12:13:58 INFO::Fitting model to feature number 319, GT101.hmm
2023-01-16 12:13:58 INFO::Fitting model to feature number 320, GT102.hmm
2023-01-16 12:13:58 INFO::Fitting model to feature number 321, GT103.hmm
2023-01-16 12:13:58 INFO::Fitting model to feature number 322, GT104.hmm
2023-01-16 12:13:58 INFO::Fitting model to feature number 323, GT11.hmm
2023-01-16 12:13:58 INFO::Fitting model to feature number 324, GT12.hmm
2023-01-16 12:13:58 INFO::Fitting model to feature number 325, GT13.hmm
2023-01-16 12:13:58 INFO::Fitting model to feature number 326, GT14.hmm
2023-01-16 12:13:58 INFO::Fitting model to feature number 327, GT15.hmm
2023-01-16 12:13:58 INFO::Fitting model to feature number 328, GT17.hmm
2023-01-16 12:13:58 INFO::Fitting model to feature number 329, GT19.hmm
2023-01-16 12:13:58 INFO::Fitting model to feature number 330, GT2_Cellulose_synt.hmm
2023-01-16 12:13:58 INFO::Fitting model to feature number 331, GT2.hmm
2023-01-16 12:13:58 INFO::Fitting model to feature number 332, GT20.hmm
2023-01-16 12:13:58 INFO::Fitting model to feature number 333, GT21.hmm
2023-01-16 12:13:58 INFO::Fitting model to feature number 334, GT22.hmm
2023-01-16 12:13:58 INFO::Fitting model to feature number 335, GT23.hmm
2023-01-16 12:13:58 INFO::Fitting model to feature number 336, GT24.hmm
2023-01-16 12:13:58 INFO::Fitting model to feature number 337, GT25.hmm
2023-01-16 12:13:58 INFO::Fitting model to feature number 338, GT26.hmm
2023-01-16 12:13:58 INFO::Fitting model to feature number 339, GT27.hmm
2023-01-16 12:13:58 INFO::Fitting model to feature number 340, GT28.hmm
2023-01-16 12:13:58 INFO::Fitting model to feature number 341, GT29.hmm
2023-01-16 12:13:58 INFO::Fitting model to feature number 342, GT3.hmm
2023-01-16 12:13:58 INFO::Fitting model to feature number 343, GT30.hmm
2023-01-16 12:13:58 INFO::Fitting model to feature number 344, GT31.hmm
2023-01-16 12:13:58 INFO::Fitting model to feature number 345, GT32.hmm
2023-01-16 12:13:58 INFO::Fitting model to feature number 346, GT33.hmm
2023-01-16 12:13:58 INFO::Fitting model to feature number 347, GT34.hmm
2023-01-16 12:13:58 INFO::Fitting model to feature number 348, GT35.hmm
2023-01-16 12:13:58 INFO::Fitting model to feature number 349, GT39.hmm
2023-01-16 12:13:58 INFO::Fitting model to feature number 350, GT4.hmm
2023-01-16 12:13:58 INFO::Fitting model to feature number 351, GT40.hmm
2023-01-16 12:13:58 INFO::Fitting model to feature number 352, GT41.hmm
2023-01-16 12:13:58 INFO::Fitting model to feature number 353, GT45.hmm
2023-01-16 12:13:58 INFO::Fitting model to feature number 354, GT46.hmm
2023-01-16 12:13:59 INFO::Fitting model to feature number 355, GT47.hmm
2023-01-16 12:13:59 INFO::Fitting model to feature number 356, GT48.hmm
2023-01-16 12:13:59 INFO::Fitting model to feature number 357, GT49.hmm
2023-01-16 12:13:59 INFO::Fitting model to feature number 358, GT5.hmm
2023-01-16 12:13:59 INFO::Fitting model to feature number 359, GT50.hmm
2023-01-16 12:13:59 INFO::Fitting model to feature number 360, GT51.hmm
2023-01-16 12:13:59 INFO::Fitting model to feature number 361, GT53.hmm
2023-01-16 12:13:59 INFO::Fitting model to feature number 362, GT55.hmm
2023-01-16 12:13:59 INFO::Fitting model to feature number 363, GT56.hmm
2023-01-16 12:13:59 INFO::Fitting model to feature number 364, GT57.hmm
2023-01-16 12:13:59 INFO::Fitting model to feature number 365, GT58.hmm
2023-01-16 12:13:59 INFO::Fitting model to feature number 366, GT59.hmm
2023-01-16 12:13:59 INFO::Fitting model to feature number 367, GT60.hmm
2023-01-16 12:13:59 INFO::Fitting model to feature number 368, GT62.hmm
2023-01-16 12:13:59 INFO::Fitting model to feature number 369, GT66.hmm
2023-01-16 12:13:59 INFO::Fitting model to feature number 370, GT69.hmm
2023-01-16 12:13:59 INFO::Fitting model to feature number 371, GT7.hmm
2023-01-16 12:13:59 INFO::Fitting model to feature number 372, GT70.hmm
2023-01-16 12:13:59 INFO::Fitting model to feature number 373, GT71.hmm
2023-01-16 12:13:59 INFO::Fitting model to feature number 374, GT73.hmm
2023-01-16 12:13:59 INFO::Fitting model to feature number 375, GT74.hmm
2023-01-16 12:13:59 INFO::Fitting model to feature number 376, GT75.hmm
2023-01-16 12:13:59 INFO::Fitting model to feature number 377, GT76.hmm
2023-01-16 12:13:59 INFO::Fitting model to feature number 378, GT77.hmm
2023-01-16 12:13:59 INFO::Fitting model to feature number 379, GT8.hmm
2023-01-16 12:13:59 INFO::Fitting model to feature number 380, GT81.hmm
2023-01-16 12:13:59 INFO::Fitting model to feature number 381, GT83.hmm
2023-01-16 12:13:59 INFO::Fitting model to feature number 382, GT84.hmm
2023-01-16 12:13:59 INFO::Fitting model to feature number 383, GT85.hmm
2023-01-16 12:13:59 INFO::Fitting model to feature number 384, GT87.hmm
2023-01-16 12:13:59 INFO::Fitting model to feature number 385, GT89.hmm
2023-01-16 12:13:59 INFO::Fitting model to feature number 386, GT9.hmm
2023-01-16 12:13:59 INFO::Fitting model to feature number 387, GT90.hmm
2023-01-16 12:13:59 INFO::Fitting model to feature number 388, GT92.hmm
2023-01-16 12:13:59 INFO::Fitting model to feature number 389, GT94.hmm
2023-01-16 12:13:59 INFO::Fitting model to feature number 390, GT97.hmm
2023-01-16 12:13:59 INFO::Fitting model to feature number 391, GT99.hmm
2023-01-16 12:13:59 INFO::Fitting model to feature number 392, PL1_2.hmm
2023-01-16 12:13:59 INFO::Fitting model to feature number 393, PL1_4.hmm
2023-01-16 12:13:59 INFO::Fitting model to feature number 394, PL1_5.hmm
2023-01-16 12:13:59 INFO::Fitting model to feature number 395, PL1_6.hmm
2023-01-16 12:13:59 INFO::Fitting model to feature number 396, PL1_7.hmm
2023-01-16 12:13:59 INFO::Fitting model to feature number 397, PL1_9.hmm
2023-01-16 12:13:59 INFO::Fitting model to feature number 398, PL1.hmm
2023-01-16 12:13:59 INFO::Fitting model to feature number 399, PL10_1.hmm
2023-01-16 12:13:59 INFO::Fitting model to feature number 400, PL10_2.hmm
2023-01-16 12:13:59 INFO::Fitting model to feature number 401, PL10_3.hmm
2023-01-16 12:13:59 INFO::Fitting model to feature number 402, PL10.hmm
2023-01-16 12:13:59 INFO::Fitting model to feature number 403, PL11_1.hmm
2023-01-16 12:13:59 INFO::Fitting model to feature number 404, PL11_2.hmm
2023-01-16 12:13:59 INFO::Fitting model to feature number 405, PL11.hmm
2023-01-16 12:13:59 INFO::Fitting model to feature number 406, PL12_2.hmm
2023-01-16 12:13:59 INFO::Fitting model to feature number 407, PL12_3.hmm
2023-01-16 12:13:59 INFO::Fitting model to feature number 408, PL12.hmm
2023-01-16 12:13:59 INFO::Fitting model to feature number 409, PL14_3.hmm
2023-01-16 12:13:59 INFO::Fitting model to feature number 410, PL14.hmm
2023-01-16 12:13:59 INFO::Fitting model to feature number 411, PL15.hmm
2023-01-16 12:13:59 INFO::Fitting model to feature number 412, PL16.hmm
2023-01-16 12:13:59 INFO::Fitting model to feature number 413, PL17_1.hmm
2023-01-16 12:13:59 INFO::Fitting model to feature number 414, PL17.hmm
2023-01-16 12:13:59 INFO::Fitting model to feature number 415, PL18.hmm
2023-01-16 12:13:59 INFO::Fitting model to feature number 416, PL2.hmm
2023-01-16 12:13:59 INFO::Fitting model to feature number 417, PL20.hmm
2023-01-16 12:13:59 INFO::Fitting model to feature number 418, PL21.hmm
2023-01-16 12:13:59 INFO::Fitting model to feature number 419, PL22_1.hmm
2023-01-16 12:13:59 INFO::Fitting model to feature number 420, PL22_2.hmm
2023-01-16 12:13:59 INFO::Fitting model to feature number 421, PL22.hmm
2023-01-16 12:13:59 INFO::Fitting model to feature number 422, PL25.hmm
2023-01-16 12:13:59 INFO::Fitting model to feature number 423, PL26.hmm
2023-01-16 12:13:59 INFO::Fitting model to feature number 424, PL27.hmm
2023-01-16 12:13:59 INFO::Fitting model to feature number 425, PL3_1.hmm
2023-01-16 12:13:59 INFO::Fitting model to feature number 426, PL3_2.hmm
2023-01-16 12:13:59 INFO::Fitting model to feature number 427, PL3_4.hmm
2023-01-16 12:13:59 INFO::Fitting model to feature number 428, PL3.hmm
2023-01-16 12:13:59 INFO::Fitting model to feature number 429, PL4_1.hmm
2023-01-16 12:13:59 INFO::Fitting model to feature number 430, PL4_2.hmm
2023-01-16 12:13:59 INFO::Fitting model to feature number 431, PL4_3.hmm
2023-01-16 12:13:59 INFO::Fitting model to feature number 432, PL4_4.hmm
2023-01-16 12:13:59 INFO::Fitting model to feature number 433, PL4_5.hmm
2023-01-16 12:13:59 INFO::Fitting model to feature number 434, PL4.hmm
2023-01-16 12:13:59 INFO::Fitting model to feature number 435, PL5_1.hmm
2023-01-16 12:13:59 INFO::Fitting model to feature number 436, PL5.hmm
2023-01-16 12:13:59 INFO::Fitting model to feature number 437, PL6_1.hmm
2023-01-16 12:13:59 INFO::Fitting model to feature number 438, PL6_2.hmm
2023-01-16 12:13:59 INFO::Fitting model to feature number 439, PL6.hmm
2023-01-16 12:13:59 INFO::Fitting model to feature number 440, PL7_1.hmm
2023-01-16 12:13:59 INFO::Fitting model to feature number 441, PL7_2.hmm
2023-01-16 12:13:59 INFO::Fitting model to feature number 442, PL7_3.hmm
2023-01-16 12:13:59 INFO::Fitting model to feature number 443, PL7_4.hmm
2023-01-16 12:13:59 INFO::Fitting model to feature number 444, PL7.hmm
2023-01-16 12:13:59 INFO::Fitting model to feature number 445, PL8_2.hmm
2023-01-16 12:13:59 INFO::Fitting model to feature number 446, PL8_3.hmm
2023-01-16 12:13:59 INFO::Fitting model to feature number 447, PL8.hmm
2023-01-16 12:13:59 INFO::Fitting model to feature number 448, PL9_1.hmm
2023-01-16 12:13:59 INFO::Fitting model to feature number 449, PL9_2.hmm
2023-01-16 12:13:59 INFO::Fitting model to feature number 450, PL9_3.hmm
2023-01-16 12:13:59 INFO::Fitting model to feature number 451, PL9_4.hmm
2023-01-16 12:13:59 INFO::Fitting model to feature number 452, PL9.hmm
2023-01-16 12:13:59 INFO::Fitting model to feature number 453, SLH.hmm
2023-01-16 12:14:00 INFO::Counting total values for each feature
2023-01-16 12:14:00 INFO::Writing residuals to file dbcan_clrlm/residuals.rds
2023-01-16 12:14:00 INFO::Writing fitted values to file dbcan_clrlm/fitted.rds
2023-01-16 12:14:00 INFO::Writing all results to file (ordered by increasing q-values): dbcan_clrlm/all_results.tsv
2023-01-16 12:14:00 INFO::Writing the significant results (those which are less than or equal to the threshold of 0.250000 ) to file (ordered by increasing q-values): dbcan_clrlm/significant_results.tsv
2023-01-16 12:14:00 INFO::Writing heatmap of significant results to file: dbcan_clrlm/heatmap.pdf
2023-01-16 12:14:00 INFO::Writing association plots (one for each significant association) to output folder: dbcan_clrlm
2023-01-16 12:14:00 INFO::Plotting associations from most to least significant, grouped by metadata
2023-01-16 12:14:00 INFO::Plotting data for metadata number 1, group
2023-01-16 12:14:00 INFO::Creating boxplot for categorical data, group vs CBM11.hmm
2023-01-16 12:14:00 INFO::Creating boxplot for categorical data, group vs CBM47.hmm
2023-01-16 12:14:00 INFO::Creating boxplot for categorical data, group vs GH100.hmm
2023-01-16 12:14:00 INFO::Creating boxplot for categorical data, group vs GH107.hmm
2023-01-16 12:14:01 INFO::Creating boxplot for categorical data, group vs GH125.hmm
2023-01-16 12:14:01 INFO::Creating boxplot for categorical data, group vs GH20.hmm
2023-01-16 12:14:01 INFO::Creating boxplot for categorical data, group vs GH24.hmm
2023-01-16 12:14:01 INFO::Creating boxplot for categorical data, group vs GH47.hmm
2023-01-16 12:14:02 INFO::Creating boxplot for categorical data, group vs GH5_36.hmm
2023-01-16 12:14:02 INFO::Creating boxplot for categorical data, group vs PL1_4.hmm
2023-01-16 12:14:02 INFO::Creating boxplot for categorical data, group vs PL1.hmm
2023-01-16 12:14:03 INFO::Creating boxplot for categorical data, group vs PL10_2.hmm
2023-01-16 12:14:03 INFO::Creating boxplot for categorical data, group vs PL11.hmm
2023-01-16 12:14:03 INFO::Creating boxplot for categorical data, group vs PL20.hmm
2023-01-16 12:14:03 INFO::Creating boxplot for categorical data, group vs PL26.hmm
2023-01-16 12:14:03 INFO::Creating boxplot for categorical data, group vs AA3_1.hmm
2023-01-16 12:14:03 INFO::Creating boxplot for categorical data, group vs CE15.hmm
2023-01-16 12:14:04 INFO::Creating boxplot for categorical data, group vs GH52.hmm
2023-01-16 12:14:04 INFO::Creating boxplot for categorical data, group vs GH66.hmm
2023-01-16 12:14:04 INFO::Creating boxplot for categorical data, group vs CBM61.hmm
2023-01-16 12:14:04 INFO::Creating boxplot for categorical data, group vs GH13_2.hmm
2023-01-16 12:14:04 INFO::Creating boxplot for categorical data, group vs GH43_17.hmm
2023-01-16 12:14:05 INFO::Creating boxplot for categorical data, group vs GH5_13.hmm
2023-01-16 12:14:05 INFO::Creating boxplot for categorical data, group vs GT14.hmm
2023-01-16 12:14:05 INFO::Creating boxplot for categorical data, group vs GT25.hmm
2023-01-16 12:14:05 INFO::Creating boxplot for categorical data, group vs GT77.hmm
2023-01-16 12:14:05 INFO::Creating boxplot for categorical data, group vs GH13_36.hmm
2023-01-16 12:14:06 INFO::Creating boxplot for categorical data, group vs GH43_9.hmm
2023-01-16 12:14:06 INFO::Creating boxplot for categorical data, group vs PL11_2.hmm
2023-01-16 12:14:06 INFO::Creating boxplot for categorical data, group vs GH43_31.hmm
2023-01-16 12:14:06 INFO::Creating boxplot for categorical data, group vs CBM63.hmm
2023-01-16 12:14:06 INFO::Creating boxplot for categorical data, group vs PL22_2.hmm
2023-01-16 12:14:06 INFO::Creating boxplot for categorical data, group vs GH13_4.hmm
2023-01-16 12:14:07 INFO::Creating boxplot for categorical data, group vs GH44.hmm
2023-01-16 12:14:07 INFO::Creating boxplot for categorical data, group vs CBM59.hmm
2023-01-16 12:14:07 INFO::Creating boxplot for categorical data, group vs GH133.hmm
2023-01-16 12:14:07 INFO::Creating boxplot for categorical data, group vs CE4.hmm
2023-01-16 12:14:08 INFO::Creating boxplot for categorical data, group vs GH97.hmm
2023-01-16 12:14:08 INFO::Creating boxplot for categorical data, group vs GH145.hmm
2023-01-16 12:14:08 INFO::Creating boxplot for categorical data, group vs GH81.hmm
2023-01-16 12:14:08 INFO::Creating boxplot for categorical data, group vs CBM50.hmm
2023-01-16 12:14:08 INFO::Creating boxplot for categorical data, group vs PL2.hmm
2023-01-16 12:14:08 INFO::Creating boxplot for categorical data, group vs GH30.hmm
2023-01-16 12:14:09 INFO::Creating boxplot for categorical data, group vs GH143.hmm
2023-01-16 12:14:09 INFO::Creating boxplot for categorical data, group vs GT89.hmm
2023-01-16 12:14:09 INFO::Creating boxplot for categorical data, group vs GH13_21.hmm
2023-01-16 12:14:09 INFO::Creating boxplot for categorical data, group vs GT46.hmm
2023-01-16 12:14:09 INFO::Creating boxplot for categorical data, group vs GH43_11.hmm
2023-01-16 12:14:10 INFO::Creating boxplot for categorical data, group vs CE12.hmm
2023-01-16 12:14:10 INFO::Creating boxplot for categorical data, group vs GH45.hmm
2023-01-16 12:14:10 INFO::Creating boxplot for categorical data, group vs GH5_2.hmm
2023-01-16 12:14:10 INFO::Creating boxplot for categorical data, group vs GT51.hmm
2023-01-16 12:14:10 INFO::Creating boxplot for categorical data, group vs PL6_2.hmm
2023-01-16 12:14:11 INFO::Creating boxplot for categorical data, group vs CBM23.hmm
2023-01-16 12:14:11 INFO::Creating boxplot for categorical data, group vs GH17.hmm
2023-01-16 12:14:11 INFO::Creating boxplot for categorical data, group vs GH23.hmm
2023-01-16 12:14:11 INFO::Creating boxplot for categorical data, group vs GT104.hmm
2023-01-16 12:14:11 INFO::Creating boxplot for categorical data, group vs GH89.hmm
2023-01-16 12:14:12 INFO::Creating boxplot for categorical data, group vs GT20.hmm
2023-01-16 12:14:12 INFO::Creating boxplot for categorical data, group vs PL4.hmm
2023-01-16 12:14:12 INFO::Creating boxplot for categorical data, group vs PL7_4.hmm
2023-01-16 12:14:12 INFO::Creating boxplot for categorical data, group vs GH43_29.hmm
2023-01-16 12:14:12 INFO::Creating boxplot for categorical data, group vs GH121.hmm
2023-01-16 12:14:12 INFO::Creating boxplot for categorical data, group vs GH5_10.hmm
2023-01-16 12:14:13 INFO::Creating boxplot for categorical data, group vs GH75.hmm
2023-01-16 12:14:13 INFO::Creating boxplot for categorical data, group vs AA3.hmm
2023-01-16 12:14:13 INFO::Creating boxplot for categorical data, group vs PL5_1.hmm
2023-01-16 12:14:13 INFO::Creating boxplot for categorical data, group vs AA2.hmm
2023-01-16 12:14:13 INFO::Creating boxplot for categorical data, group vs CBM4.hmm
2023-01-16 12:14:13 INFO::Creating boxplot for categorical data, group vs GT15.hmm
2023-01-16 12:14:14 INFO::Creating boxplot for categorical data, group vs PL3.hmm
2023-01-16 12:14:14 INFO::Creating boxplot for categorical data, group vs GH140.hmm
2023-01-16 12:14:14 INFO::Creating boxplot for categorical data, group vs AA6.hmm
2023-01-16 12:14:14 INFO::Creating boxplot for categorical data, group vs PL9_4.hmm
2023-01-16 12:14:14 INFO::Creating boxplot for categorical data, group vs CE6.hmm
2023-01-16 12:14:15 INFO::Creating boxplot for categorical data, group vs GH36.hmm
2023-01-16 12:14:15 INFO::Creating boxplot for categorical data, group vs GH65.hmm
2023-01-16 12:14:15 INFO::Creating boxplot for categorical data, group vs GH92.hmm
2023-01-16 12:14:15 INFO::Creating boxplot for categorical data, group vs GH135.hmm
2023-01-16 12:14:15 INFO::Creating boxplot for categorical data, group vs GH8.hmm
2023-01-16 12:14:15 INFO::Creating boxplot for categorical data, group vs GH26.hmm
2023-01-16 12:14:16 INFO::Creating boxplot for categorical data, group vs PL10.hmm
2023-01-16 12:14:16 INFO::Creating boxplot for categorical data, group vs GH13_13.hmm
2023-01-16 12:14:16 INFO::Creating boxplot for categorical data, group vs GH13_23.hmm
2023-01-16 12:14:16 INFO::Creating boxplot for categorical data, group vs GH3.hmm
2023-01-16 12:14:17 INFO::Creating boxplot for categorical data, group vs GH5.hmm
2023-01-16 12:14:17 INFO::Creating boxplot for categorical data, group vs GT103.hmm
2023-01-16 12:14:17 INFO::Creating boxplot for categorical data, group vs GH30_4.hmm
2023-01-16 12:14:17 INFO::Creating boxplot for categorical data, group vs PL3_1.hmm
2023-01-16 12:14:18 INFO::Creating boxplot for categorical data, group vs GH43_8.hmm
2023-01-16 12:14:18 INFO::Creating boxplot for categorical data, group vs PL9_3.hmm
2023-01-16 12:14:18 INFO::Creating boxplot for categorical data, group vs CBM5.hmm
2023-01-16 12:14:18 INFO::Creating boxplot for categorical data, group vs GH31.hmm
2023-01-16 12:14:19 INFO::Creating boxplot for categorical data, group vs GH109.hmm
2023-01-16 12:14:20 INFO::Creating boxplot for categorical data, group vs GH68.hmm
2023-01-16 12:14:20 INFO::Creating boxplot for categorical data, group vs GH5_41.hmm
2023-01-16 12:14:21 INFO::Creating boxplot for categorical data, group vs GH138.hmm
2023-01-16 12:14:21 INFO::Creating boxplot for categorical data, group vs GT81.hmm
2023-01-16 12:14:21 INFO::Creating boxplot for categorical data, group vs GH30_2.hmm
2023-01-16 12:14:22 INFO::Creating boxplot for categorical data, group vs PL7_2.hmm
2023-01-16 12:14:22 INFO::Creating boxplot for categorical data, group vs GT19.hmm
2023-01-16 12:14:23 INFO::Creating boxplot for categorical data, group vs PL8.hmm
2023-01-16 12:14:23 INFO::Creating boxplot for categorical data, group vs GH13.hmm
2023-01-16 12:14:23 INFO::Creating boxplot for categorical data, group vs GT30.hmm
2023-01-16 12:14:23 INFO::Creating boxplot for categorical data, group vs GT66.hmm
2023-01-16 12:14:24 INFO::Creating boxplot for categorical data, group vs GH49.hmm
2023-01-16 12:14:24 INFO::Creating boxplot for categorical data, group vs GH13_19.hmm
2023-01-16 12:14:24 INFO::Creating boxplot for categorical data, group vs GH13_6.hmm
2023-01-16 12:14:24 INFO::Creating boxplot for categorical data, group vs GH104.hmm
2023-01-16 12:14:25 INFO::Creating boxplot for categorical data, group vs GT33.hmm
2023-01-16 12:14:25 INFO::Creating boxplot for categorical data, group vs CE11.hmm
2023-01-16 12:14:25 INFO::Creating boxplot for categorical data, group vs GH30_5.hmm
2023-01-16 12:14:25 INFO::Creating boxplot for categorical data, group vs GH43_3.hmm
2023-01-16 12:14:26 INFO::Creating boxplot for categorical data, group vs GH106.hmm
2023-01-16 12:14:26 INFO::Creating boxplot for categorical data, group vs GH72.hmm
2023-01-16 12:14:26 INFO::Creating boxplot for categorical data, group vs GH93.hmm
2023-01-16 12:14:26 INFO::Creating boxplot for categorical data, group vs GT40.hmm
2023-01-16 12:14:27 INFO::Creating boxplot for categorical data, group vs CBM9.hmm
2023-01-16 12:14:27 INFO::Creating boxplot for categorical data, group vs GH103.hmm
2023-01-16 12:14:27 INFO::Creating boxplot for categorical data, group vs AA5_1.hmm
2023-01-16 12:14:27 INFO::Creating boxplot for categorical data, group vs GH5_34.hmm
2023-01-16 12:14:28 INFO::Creating boxplot for categorical data, group vs GH35.hmm
2023-01-16 12:14:28 INFO::Creating boxplot for categorical data, group vs GH13_14.hmm
2023-01-16 12:14:28 INFO::Creating boxplot for categorical data, group vs GH123.hmm
2023-01-16 12:14:28 INFO::Creating boxplot for categorical data, group vs GT75.hmm
2023-01-16 12:14:28 INFO::Creating boxplot for categorical data, group vs GH120.hmm
2023-01-16 12:14:28 INFO::Creating boxplot for categorical data, group vs GH13_1.hmm
2023-01-16 12:14:29 INFO::Creating boxplot for categorical data, group vs GT2_Cellulose_synt.hmm
2023-01-16 12:14:29 INFO::Creating boxplot for categorical data, group vs GT29.hmm
2023-01-16 12:14:29 INFO::Creating boxplot for categorical data, group vs GH43_18.hmm
2023-01-16 12:14:29 INFO::Creating boxplot for categorical data, group vs GH73.hmm
2023-01-16 12:14:29 INFO::Creating boxplot for categorical data, group vs GT94.hmm
2023-01-16 12:14:29 INFO::Creating boxplot for categorical data, group vs GH13_22.hmm
2023-01-16 12:14:30 INFO::Creating boxplot for categorical data, group vs GH32.hmm
2023-01-16 12:14:30 INFO::Creating boxplot for categorical data, group vs PL1_7.hmm
2023-01-16 12:14:30 INFO::Creating boxplot for categorical data, group vs PL17_1.hmm
2023-01-16 12:14:30 INFO::Creating boxplot for categorical data, group vs PL1_2.hmm
2023-01-16 12:14:30 INFO::Creating boxplot for categorical data, group vs CE16.hmm
2023-01-16 12:14:31 INFO::Creating boxplot for categorical data, group vs GH43_37.hmm
2023-01-16 12:14:31 INFO::Creating boxplot for categorical data, group vs CE9.hmm
2023-01-16 12:14:31 INFO::Creating boxplot for categorical data, group vs dockerin.hmm
2023-01-16 12:14:31 INFO::Creating boxplot for categorical data, group vs GT3.hmm
2023-01-16 12:14:31 INFO::Creating boxplot for categorical data, group vs GT56.hmm
2023-01-16 12:14:31 INFO::Creating boxplot for categorical data, group vs AA7.hmm
2023-01-16 12:14:32 INFO::Creating boxplot for categorical data, group vs GH74.hmm
2023-01-16 12:14:32 INFO::Creating boxplot for categorical data, group vs PL6_1.hmm
2023-01-16 12:14:32 INFO::Creating boxplot for categorical data, group vs PL1_6.hmm
2023-01-16 12:14:32 INFO::Creating boxplot for categorical data, group vs GH130.hmm
2023-01-16 12:14:32 INFO::Creating boxplot for categorical data, group vs GH43_7.hmm
2023-01-16 12:14:33 INFO::Creating boxplot for categorical data, group vs GH18.hmm
2023-01-16 12:14:33 INFO::Creating boxplot for categorical data, group vs GH5_46.hmm
2023-01-16 12:14:33 INFO::Creating boxplot for categorical data, group vs PL22.hmm
2023-01-16 12:14:33 INFO::Creating boxplot for categorical data, group vs PL6.hmm
2023-01-16 12:14:33 INFO::Creating boxplot for categorical data, group vs GH13_40.hmm
2023-01-16 12:14:34 INFO::Creating boxplot for categorical data, group vs CBM62.hmm
2023-01-16 12:14:34 INFO::Creating boxplot for categorical data, group vs GH38.hmm
2023-01-16 12:14:34 INFO::Creating boxplot for categorical data, group vs AA3_2.hmm
2023-01-16 12:14:34 INFO::Creating boxplot for categorical data, group vs GH1.hmm
2023-01-16 12:14:34 INFO::Creating boxplot for categorical data, group vs CE7.hmm
2023-01-16 12:14:35 INFO::Creating boxplot for categorical data, group vs GH43.hmm
2023-01-16 12:14:35 INFO::Creating boxplot for categorical data, group vs GH5_27.hmm
2023-01-16 12:14:35 INFO::Creating boxplot for categorical data, group vs PL16.hmm
2023-01-16 12:14:35 INFO::Creating boxplot for categorical data, group vs AA1_2.hmm
2023-01-16 12:14:35 INFO::Creating boxplot for categorical data, group vs GH43_28.hmm
2023-01-16 12:14:36 INFO::Creating boxplot for categorical data, group vs GH13_5.hmm
2023-01-16 12:14:36 INFO::Creating boxplot for categorical data, group vs PL7.hmm
2023-01-16 12:14:36 INFO::Creating boxplot for categorical data, group vs AA1.hmm
2023-01-16 12:14:36 INFO::Creating boxplot for categorical data, group vs GT1.hmm
2023-01-16 12:14:36 INFO::Creating boxplot for categorical data, group vs PL9.hmm
2023-01-16 12:14:36 INFO::Creating boxplot for categorical data, group vs CBM12.hmm
2023-01-16 12:14:37 INFO::Creating boxplot for categorical data, group vs GH127.hmm
2023-01-16 12:14:37 INFO::Creating boxplot for categorical data, group vs GT45.hmm
2023-01-16 12:14:37 INFO::Creating boxplot for categorical data, group vs CBM34.hmm
2023-01-16 12:14:37 INFO::Creating boxplot for categorical data, group vs GT48.hmm
2023-01-16 12:14:37 INFO::Creating boxplot for categorical data, group vs PL25.hmm
2023-01-16 12:14:37 INFO::Creating boxplot for categorical data, group vs AA1_1.hmm
2023-01-16 12:14:38 INFO::Creating boxplot for categorical data, group vs GH28.hmm
2023-01-16 12:14:38 INFO::Creating boxplot for categorical data, group vs GH51.hmm
2023-01-16 12:14:38 INFO::Creating boxplot for categorical data, group vs GH53.hmm
2023-01-16 12:14:38 INFO::Creating boxplot for categorical data, group vs GH9.hmm
2023-01-16 12:14:38 INFO::Creating boxplot for categorical data, group vs GT58.hmm
2023-01-16 12:14:39 INFO::Creating boxplot for categorical data, group vs PL27.hmm
2023-01-16 12:14:39 INFO::Creating boxplot for categorical data, group vs PL4_2.hmm
2023-01-16 12:14:39 INFO::Creating boxplot for categorical data, group vs GT57.hmm
2023-01-16 12:14:39 INFO::Creating boxplot for categorical data, group vs CBM20.hmm
2023-01-16 12:14:39 INFO::Creating boxplot for categorical data, group vs CBM57.hmm
2023-01-16 12:14:39 INFO::Creating boxplot for categorical data, group vs GH4.hmm
2023-01-16 12:14:40 INFO::Creating boxplot for categorical data, group vs GT74.hmm
2023-01-16 12:14:40 INFO::Creating boxplot for categorical data, group vs PL22_1.hmm
2023-01-16 12:14:40 INFO::Creating boxplot for categorical data, group vs PL9_2.hmm
2023-01-16 12:14:40 INFO::Creating boxplot for categorical data, group vs GH13_31.hmm
2023-01-16 12:14:40 INFO::Creating boxplot for categorical data, group vs GH5_29.hmm
2023-01-16 12:14:40 INFO::Creating boxplot for categorical data, group vs GH114.hmm
2023-01-16 12:14:41 INFO::Creating boxplot for categorical data, group vs GH13_3.hmm
2023-01-16 12:14:41 INFO::Creating boxplot for categorical data, group vs GH37.hmm
2023-01-16 12:14:41 INFO::Creating boxplot for categorical data, group vs GH43_19.hmm
2023-01-16 12:14:41 INFO::Creating boxplot for categorical data, group vs GH91.hmm
2023-01-16 12:14:41 INFO::Creating boxplot for categorical data, group vs GH59.hmm
